<?xml version="1.0" encoding="UTF-8"?>
<!-- Generated by org.testng.reporters.JUnitReportReporter -->
<testsuite hostname="MacBook-Air-de-Jorge.local" failures="0" tests="1" name="pc.EstudianteTest" time="0.372" errors="0" timestamp="2021-11-06T18:08:09 PET" skipped="0">
  <testcase classname="pc.EstudianteTest" name="variables" time="0.372"/>
  <system-out/>
</testsuite> <!-- pc.EstudianteTest -->
