<?xml version="1.0" encoding="UTF-8"?>
<!-- Generated by org.testng.reporters.JUnitReportReporter -->
<testsuite hostname="MacBook-Air-de-Jorge.local" failures="0" tests="1" name="pc1.OliverVirtualTest" time="0.345" errors="0" timestamp="2021-11-06T17:06:04 PET" skipped="0">
  <testcase classname="pc1.OliverVirtualTest" name="test" time="0.345"/>
  <system-out/>
</testsuite> <!-- pc1.OliverVirtualTest -->
