<?xml version="1.0" encoding="UTF-8"?>
<!-- Generated by org.testng.reporters.JUnitReportReporter -->
<testsuite hostname="MacBook-Air-de-Jorge.local" failures="0" tests="84" name="pc1.CamionTest" time="0.087" errors="0" timestamp="2021-10-23T16:10:04 PET" skipped="0">
  <testcase classname="pc1.CamionTest" name="Test02_Stress" time="0.000"/>
  <system-out/>
  <testcase classname="pc1.CamionTest" name="Test02_Stress" time="0.000"/>
  <system-out/>
  <testcase classname="pc1.CamionTest" name="Test02_Stress" time="0.001"/>
  <system-out/>
  <testcase classname="pc1.CamionTest" name="Test02_Stress" time="0.001"/>
  <system-out/>
  <testcase classname="pc1.CamionTest" name="Test02_Stress" time="0.001"/>
  <system-out/>
  <testcase classname="pc1.CamionTest" name="Test02_Stress" time="0.000"/>
  <system-out/>
  <testcase classname="pc1.CamionTest" name="Test02_Stress" time="0.001"/>
  <system-out/>
  <testcase classname="pc1.CamionTest" name="Test02_Stress" time="0.000"/>
  <system-out/>
  <testcase classname="pc1.CamionTest" name="Test02_Stress" time="0.000"/>
  <system-out/>
  <testcase classname="pc1.CamionTest" name="Test02_Stress" time="0.001"/>
  <system-out/>
  <testcase classname="pc1.CamionTest" name="Test02_Stress" time="0.000"/>
  <system-out/>
  <testcase classname="pc1.CamionTest" name="Test02_Stress" time="0.000"/>
  <system-out/>
  <testcase classname="pc1.CamionTest" name="Test02_Stress" time="0.001"/>
  <system-out/>
  <testcase classname="pc1.CamionTest" name="Test02_Stress" time="0.000"/>
  <system-out/>
  <testcase classname="pc1.CamionTest" name="Test02_Stress" time="0.001"/>
  <system-out/>
  <testcase classname="pc1.CamionTest" name="Test02_Stress" time="0.000"/>
  <system-out/>
  <testcase classname="pc1.CamionTest" name="Test02_Stress" time="0.001"/>
  <system-out/>
  <testcase classname="pc1.CamionTest" name="Test02_Stress" time="0.001"/>
  <system-out/>
  <testcase classname="pc1.CamionTest" name="Test02_Stress" time="0.000"/>
  <system-out/>
  <testcase classname="pc1.CamionTest" name="Test02_Stress" time="0.000"/>
  <system-out/>
  <testcase classname="pc1.CamionTest" name="Test02_Stress" time="0.000"/>
  <system-out/>
  <testcase classname="pc1.CamionTest" name="Test02_Stress" time="0.000"/>
  <system-out/>
  <testcase classname="pc1.CamionTest" name="Test02_Stress" time="0.000"/>
  <system-out/>
  <testcase classname="pc1.CamionTest" name="Test02_Stress" time="0.000"/>
  <system-out/>
  <testcase classname="pc1.CamionTest" name="Test02_Stress" time="0.000"/>
  <system-out/>
  <testcase classname="pc1.CamionTest" name="Test02_Stress" time="0.001"/>
  <system-out/>
  <testcase classname="pc1.CamionTest" name="Test02_Stress" time="0.001"/>
  <system-out/>
  <testcase classname="pc1.CamionTest" name="Test02_Stress" time="0.000"/>
  <system-out/>
  <testcase classname="pc1.CamionTest" name="Test02_Stress" time="0.000"/>
  <system-out/>
  <testcase classname="pc1.CamionTest" name="Test02_Stress" time="0.000"/>
  <system-out/>
  <testcase classname="pc1.CamionTest" name="Test02_Stress" time="0.000"/>
  <system-out/>
  <testcase classname="pc1.CamionTest" name="Test01_abastecer_OK" time="0.010"/>
  <system-out/>
  <testcase classname="pc1.CamionTest" name="Test02_Stress" time="0.000"/>
  <system-out/>
  <testcase classname="pc1.CamionTest" name="Test02_Stress" time="0.000"/>
  <system-out/>
  <testcase classname="pc1.CamionTest" name="Test02_Stress" time="0.001"/>
  <system-out/>
  <testcase classname="pc1.CamionTest" name="Test02_Stress" time="0.000"/>
  <system-out/>
  <testcase classname="pc1.CamionTest" name="Test02_Stress" time="0.000"/>
  <system-out/>
  <testcase classname="pc1.CamionTest" name="Test02_Stress" time="0.000"/>
  <system-out/>
  <testcase classname="pc1.CamionTest" name="Test02_Stress" time="0.000"/>
  <system-out/>
  <testcase classname="pc1.CamionTest" name="Test02_Stress" time="0.000"/>
  <system-out/>
  <testcase classname="pc1.CamionTest" name="Test02_Stress" time="0.000"/>
  <system-out/>
  <testcase classname="pc1.CamionTest" name="Test02_Stress" time="0.000"/>
  <system-out/>
  <testcase classname="pc1.CamionTest" name="Test02_Stress" time="0.000"/>
  <system-out/>
  <testcase classname="pc1.CamionTest" name="Test02_Stress" time="0.001"/>
  <system-out/>
  <testcase classname="pc1.CamionTest" name="Test02_Stress" time="0.000"/>
  <system-out/>
  <testcase classname="pc1.CamionTest" name="Test02_Stress" time="0.001"/>
  <system-out/>
  <testcase classname="pc1.CamionTest" name="Test02_Stress" time="0.001"/>
  <system-out/>
  <testcase classname="pc1.CamionTest" name="Test02_Stress" time="0.000"/>
  <system-out/>
  <testcase classname="pc1.CamionTest" name="Test02_Stress" time="0.000"/>
  <system-out/>
  <testcase classname="pc1.CamionTest" name="Test02_Stress" time="0.001"/>
  <system-out/>
  <testcase classname="pc1.CamionTest" name="Test02_Stress" time="0.000"/>
  <system-out/>
  <testcase classname="pc1.CamionTest" name="Test02_Stress" time="0.001"/>
  <system-out/>
  <testcase classname="pc1.CamionTest" name="Test02_Stress" time="0.000"/>
  <system-out/>
  <testcase classname="pc1.CamionTest" name="Test02_Stress" time="0.000"/>
  <system-out/>
  <testcase classname="pc1.CamionTest" name="Test02_Stress" time="0.000"/>
  <system-out/>
  <testcase classname="pc1.CamionTest" name="Test02_Stress" time="0.000"/>
  <system-out/>
  <testcase classname="pc1.CamionTest" name="Test01_abastecer_Fail" time="0.039"/>
  <system-out/>
  <testcase classname="pc1.CamionTest" name="Test02_Stress" time="0.000"/>
  <system-out/>
  <testcase classname="pc1.CamionTest" name="Test02_Stress" time="0.000"/>
  <system-out/>
  <testcase classname="pc1.CamionTest" name="Test02_Stress" time="0.001"/>
  <system-out/>
  <testcase classname="pc1.CamionTest" name="Test02_Stress" time="0.000"/>
  <system-out/>
  <testcase classname="pc1.CamionTest" name="Test02_Stress" time="0.000"/>
  <system-out/>
  <testcase classname="pc1.CamionTest" name="Test02_Stress" time="0.000"/>
  <system-out/>
  <testcase classname="pc1.CamionTest" name="Test02_Stress" time="0.000"/>
  <system-out/>
  <testcase classname="pc1.CamionTest" name="Test02_Stress" time="0.001"/>
  <system-out/>
  <testcase classname="pc1.CamionTest" name="Test02_Stress" time="0.000"/>
  <system-out/>
  <testcase classname="pc1.CamionTest" name="Test02_Stress" time="0.002"/>
  <system-out/>
  <testcase classname="pc1.CamionTest" name="Test02_Stress" time="0.001"/>
  <system-out/>
  <testcase classname="pc1.CamionTest" name="Test01_fuelCantidad_Fail" time="0.002"/>
  <system-out/>
  <testcase classname="pc1.CamionTest" name="Test02_Stress" time="0.000"/>
  <system-out/>
  <testcase classname="pc1.CamionTest" name="Test02_Stress" time="0.000"/>
  <system-out/>
  <testcase classname="pc1.CamionTest" name="Test02_Stress" time="0.000"/>
  <system-out/>
  <testcase classname="pc1.CamionTest" name="Test01_fuelCantidad_OK" time="0.009"/>
  <system-out/>
  <testcase classname="pc1.CamionTest" name="Test02_Stress" time="0.001"/>
  <system-out/>
  <testcase classname="pc1.CamionTest" name="Test02_Stress" time="0.000"/>
  <system-out/>
  <testcase classname="pc1.CamionTest" name="Test02_Stress" time="0.001"/>
  <system-out/>
  <testcase classname="pc1.CamionTest" name="Test02_Stress" time="0.000"/>
  <system-out/>
  <testcase classname="pc1.CamionTest" name="Test02_Stress" time="0.000"/>
  <system-out/>
  <testcase classname="pc1.CamionTest" name="Test02_Stress" time="0.000"/>
  <system-out/>
  <testcase classname="pc1.CamionTest" name="Test02_Stress" time="0.000"/>
  <system-out/>
  <testcase classname="pc1.CamionTest" name="Test02_Stress" time="0.000"/>
  <system-out/>
  <testcase classname="pc1.CamionTest" name="Test02_Stress" time="0.000"/>
  <system-out/>
  <testcase classname="pc1.CamionTest" name="Test02_Stress" time="0.001"/>
  <system-out/>
  <testcase classname="pc1.CamionTest" name="Test02_Stress" time="0.002"/>
  <system-out/>
</testsuite> <!-- pc1.CamionTest -->
