<?xml version="1.0" encoding="UTF-8"?>
<!-- Generated by org.testng.reporters.JUnitReportReporter -->
<testsuite hostname="MacBook-Air-de-Jorge.local" failures="0" tests="1" name="pc1.MainTest" time="0.009" errors="0" timestamp="2021-11-06T17:06:04 PET" skipped="0">
  <testcase classname="pc1.MainTest" name="main" time="0.009"/>
  <system-out/>
</testsuite> <!-- pc1.MainTest -->
