<?xml version="1.0" encoding="UTF-8"?>
<!-- Generated by org.testng.reporters.JUnitReportReporter -->
<testsuite hostname="MacBook-Air-de-Jorge.local" failures="0" tests="1" name="pc.OfertaTest" time="0.003" errors="0" timestamp="2021-11-06T18:08:09 PET" skipped="0">
  <testcase classname="pc.OfertaTest" name="variables" time="0.003"/>
  <system-out/>
</testsuite> <!-- pc.OfertaTest -->
